<?xml version="1.0" encoding="UTF-8"?>
<testsuite xmlns:xsi="http://www.w3.org/2001/XMLSchema-instance" xsi:noNamespaceSchemaLocation="https://maven.apache.org/surefire/maven-surefire-plugin/xsd/surefire-test-report.xsd" name="fr.ufrsciencestech.sgd.vueControleur.RechercheUtilisateurTest" time="4.59" tests="21" errors="0" skipped="0" failures="0">
  <properties>
[...]
</properties>
  <testcase name="testRecherchePegiErreur" classname="fr.ufrsciencestech.sgd.vueControleur.RechercheUtilisateurTest" time="0.145"/>
  <testcase name="testRecherche2Crit" classname="fr.ufrsciencestech.sgd.vueControleur.RechercheUtilisateurTest" time="0.341"/>
  <testcase name="testRecherche6Crit" classname="fr.ufrsciencestech.sgd.vueControleur.RechercheUtilisateurTest" time="0.892"/>
  <testcase name="testRechercheCateg" classname="fr.ufrsciencestech.sgd.vueControleur.RechercheUtilisateurTest" time="0.19"/>
  <testcase name="testRechercheDispo" classname="fr.ufrsciencestech.sgd.vueControleur.RechercheUtilisateurTest" time="0.194"/>
  <testcase name="testRechercheEchec" classname="fr.ufrsciencestech.sgd.vueControleur.RechercheUtilisateurTest" time="0.165"/>
  <testcase name="testRechercheSerie" classname="fr.ufrsciencestech.sgd.vueControleur.RechercheUtilisateurTest" time="0.19"/>
  <testcase name="testMoy" classname="fr.ufrsciencestech.sgd.vueControleur.RechercheUtilisateurTest" time="0.195"/>
  <testcase name="testRecherchePegiVide" classname="fr.ufrsciencestech.sgd.vueControleur.RechercheUtilisateurTest" time="0.17"/>
  <testcase name="testRechercheNoteInf" classname="fr.ufrsciencestech.sgd.vueControleur.RechercheUtilisateurTest" time="0.153"/>
  <testcase name="testRechercheNoteSup" classname="fr.ufrsciencestech.sgd.vueControleur.RechercheUtilisateurTest" time="0.156"/>
  <testcase name="testRechercheNoteErreur" classname="fr.ufrsciencestech.sgd.vueControleur.RechercheUtilisateurTest" time="0.165"/>
  <testcase name="testRechercheNoteEg" classname="fr.ufrsciencestech.sgd.vueControleur.RechercheUtilisateurTest" time="0.173"/>
  <testcase name="testRechercheNoteVide" classname="fr.ufrsciencestech.sgd.vueControleur.RechercheUtilisateurTest" time="0.178"/>
  <testcase name="testRechercheSerieVide" classname="fr.ufrsciencestech.sgd.vueControleur.RechercheUtilisateurTest" time="0.172"/>
  <testcase name="testRechercheDispoErreur" classname="fr.ufrsciencestech.sgd.vueControleur.RechercheUtilisateurTest" time="0.155"/>
  <testcase name="testAfficheJeu" classname="fr.ufrsciencestech.sgd.vueControleur.RechercheUtilisateurTest" time="0.181"/>
  <testcase name="testRechercheNom" classname="fr.ufrsciencestech.sgd.vueControleur.RechercheUtilisateurTest" time="0.178"/>
  <testcase name="testNbAvis" classname="fr.ufrsciencestech.sgd.vueControleur.RechercheUtilisateurTest" time="0.199"/>
  <testcase name="testRechercheDispoVide" classname="fr.ufrsciencestech.sgd.vueControleur.RechercheUtilisateurTest" time="0.169"/>
  <testcase name="testRecherchePegi" classname="fr.ufrsciencestech.sgd.vueControleur.RechercheUtilisateurTest" time="0.179"/>
</testsuite>